2022-01-24 16:41:35,943 [Worker-2: Loading available Gradle versions] INFO  o.e.b.c.i.u.g.PublishedGradleVersions - Gradle version information cache is up-to-date. Trying to read.
2022-01-24 17:50:49,408 [Worker-7: Loading available Gradle versions] INFO  o.e.b.c.i.u.g.PublishedGradleVersions - Gradle version information cache is up-to-date. Trying to read.
2022-01-24 17:51:11,012 [Worker-7: Loading available Gradle versions] INFO  o.e.b.c.i.u.g.PublishedGradleVersions - Gradle version information cache is up-to-date. Trying to read.
2022-01-24 18:06:19,001 [Worker-6: Loading available Gradle versions] INFO  o.e.b.c.i.u.g.PublishedGradleVersions - Gradle version information cache is up-to-date. Trying to read.
2022-01-24 18:07:01,925 [Worker-4: Auto share git projects] WARN  org.eclipse.jgit.util.FS - Cannot run program "\usr\bin\git" (in directory "\usr\bin"): CreateProcess error=2, The system cannot find the file specified
2022-01-24 18:51:26,478 [Worker-2: Loading available Gradle versions] INFO  o.e.b.c.i.u.g.PublishedGradleVersions - Gradle version information cache is up-to-date. Trying to read.
2022-01-24 18:51:31,891 [Worker-1: Decoration Calculation] WARN  org.eclipse.jgit.util.FS - Cannot run program "\usr\bin\git" (in directory "\usr\bin"): CreateProcess error=2, The system cannot find the file specified
2022-01-24 18:59:14,250 [Worker-3: Loading available Gradle versions] INFO  o.e.b.c.i.u.g.PublishedGradleVersions - Gradle version information cache is up-to-date. Trying to read.
2022-01-24 18:59:18,962 [Worker-0: Decoration Calculation] WARN  org.eclipse.jgit.util.FS - Cannot run program "\usr\bin\git" (in directory "\usr\bin"): CreateProcess error=2, The system cannot find the file specified
2022-01-24 19:22:45,152 [Worker-4: Loading available Gradle versions] INFO  o.e.b.c.i.u.g.PublishedGradleVersions - Gradle version information cache is up-to-date. Trying to read.
2022-01-24 19:22:46,585 [Worker-1: Decoration Calculation] WARN  org.eclipse.jgit.util.FS - Cannot run program "\usr\bin\git" (in directory "\usr\bin"): CreateProcess error=2, The system cannot find the file specified
2022-01-24 19:32:41,999 [Worker-2: Loading available Gradle versions] INFO  o.e.b.c.i.u.g.PublishedGradleVersions - Gradle version information cache is up-to-date. Trying to read.
2022-01-24 19:32:46,812 [Worker-1: Decoration Calculation] WARN  org.eclipse.jgit.util.FS - Cannot run program "\usr\bin\git" (in directory "\usr\bin"): CreateProcess error=2, The system cannot find the file specified
2022-01-24 20:33:59,684 [Worker-1: Loading available Gradle versions] INFO  o.e.b.c.i.u.g.PublishedGradleVersions - Gradle version information cache is up-to-date. Trying to read.
2022-01-24 20:34:04,302 [Worker-4: Decoration Calculation] WARN  org.eclipse.jgit.util.FS - Cannot run program "\usr\bin\git" (in directory "\usr\bin"): CreateProcess error=2, The system cannot find the file specified
2022-01-26 13:41:41,461 [Worker-5: Loading available Gradle versions] INFO  o.e.b.c.i.u.g.PublishedGradleVersions - Gradle version information cache is out-of-date. Trying to update.
2022-01-26 13:41:45,810 [Worker-0: Decoration Calculation] WARN  org.eclipse.jgit.util.FS - Cannot run program "\usr\bin\git" (in directory "\usr\bin"): CreateProcess error=2, The system cannot find the file specified
2022-01-26 15:37:04,792 [Worker-3: Loading available Gradle versions] INFO  o.e.b.c.i.u.g.PublishedGradleVersions - Gradle version information cache is up-to-date. Trying to read.
2022-01-26 15:37:09,625 [Worker-0: Decoration Calculation] WARN  org.eclipse.jgit.util.FS - Cannot run program "\usr\bin\git" (in directory "\usr\bin"): CreateProcess error=2, The system cannot find the file specified
2022-01-26 15:51:11,389 [Worker-5: Loading available Gradle versions] INFO  o.e.b.c.i.u.g.PublishedGradleVersions - Gradle version information cache is up-to-date. Trying to read.
2022-01-26 15:51:16,021 [Worker-6: Decoration Calculation] WARN  org.eclipse.jgit.util.FS - Cannot run program "\usr\bin\git" (in directory "\usr\bin"): CreateProcess error=2, The system cannot find the file specified
2022-01-29 20:01:13,867 [Worker-1: Loading available Gradle versions] INFO  o.e.b.c.i.u.g.PublishedGradleVersions - Gradle version information cache is out-of-date. Trying to update.
2022-01-29 20:01:18,519 [Worker-5: Decoration Calculation] WARN  org.eclipse.jgit.util.FS - Cannot run program "\usr\bin\git" (in directory "\usr\bin"): CreateProcess error=2, The system cannot find the file specified
2022-01-30 17:32:50,001 [Worker-3: Loading available Gradle versions] INFO  o.e.b.c.i.u.g.PublishedGradleVersions - Gradle version information cache is up-to-date. Trying to read.
2022-01-30 17:32:55,447 [Worker-6: Decoration Calculation] WARN  org.eclipse.jgit.util.FS - Cannot run program "\usr\bin\git" (in directory "\usr\bin"): CreateProcess error=2, The system cannot find the file specified
2022-01-31 12:46:10,810 [Worker-0: Loading available Gradle versions] INFO  o.e.b.c.i.u.g.PublishedGradleVersions - Gradle version information cache is out-of-date. Trying to update.
2022-01-31 12:46:15,820 [Worker-3: Decoration Calculation] WARN  org.eclipse.jgit.util.FS - Cannot run program "\usr\bin\git" (in directory "\usr\bin"): CreateProcess error=2, The system cannot find the file specified
2022-02-02 10:00:14,632 [Worker-6: Loading available Gradle versions] INFO  o.e.b.c.i.u.g.PublishedGradleVersions - Gradle version information cache is out-of-date. Trying to update.
2022-02-02 10:00:19,688 [Worker-1: Decoration Calculation] WARN  org.eclipse.jgit.util.FS - Cannot run program "\usr\bin\git" (in directory "\usr\bin"): CreateProcess error=2, The system cannot find the file specified
2022-02-07 13:27:51,459 [Worker-1: Loading available Gradle versions] INFO  o.e.b.c.i.u.g.PublishedGradleVersions - Gradle version information cache is out-of-date. Trying to update.
2022-02-07 13:27:55,968 [Worker-4: Decoration Calculation] WARN  org.eclipse.jgit.util.FS - Cannot run program "\usr\bin\git" (in directory "\usr\bin"): CreateProcess error=2, The system cannot find the file specified
2022-02-09 10:01:56,244 [Worker-2: Loading available Gradle versions] INFO  o.e.b.c.i.u.g.PublishedGradleVersions - Gradle version information cache is out-of-date. Trying to update.
2022-02-09 10:01:57,636 [Worker-1: Decoration Calculation] WARN  org.eclipse.jgit.util.FS - Cannot run program "\usr\bin\git" (in directory "\usr\bin"): CreateProcess error=2, The system cannot find the file specified
2022-02-10 16:14:00,779 [Worker-4: Loading available Gradle versions] INFO  o.e.b.c.i.u.g.PublishedGradleVersions - Gradle version information cache is out-of-date. Trying to update.
2022-02-10 16:14:10,077 [Worker-5: Decoration Calculation] WARN  org.eclipse.jgit.util.FS - Cannot run program "\usr\bin\git" (in directory "\usr\bin"): CreateProcess error=2, The system cannot find the file specified
2022-02-10 16:26:30,560 [Worker-3: Loading available Gradle versions] INFO  o.e.b.c.i.u.g.PublishedGradleVersions - Gradle version information cache is up-to-date. Trying to read.
2022-02-10 16:26:35,517 [main] WARN  org.eclipse.jgit.util.FS - Cannot run program "\usr\bin\git" (in directory "\usr\bin"): CreateProcess error=2, The system cannot find the file specified
2022-02-10 16:28:46,592 [Worker-0: Loading available Gradle versions] INFO  o.e.b.c.i.u.g.PublishedGradleVersions - Gradle version information cache is up-to-date. Trying to read.
2022-02-10 16:28:51,390 [Worker-4: Decoration Calculation] WARN  org.eclipse.jgit.util.FS - Cannot run program "\usr\bin\git" (in directory "\usr\bin"): CreateProcess error=2, The system cannot find the file specified
2022-02-10 16:46:10,668 [Worker-1: Loading available Gradle versions] INFO  o.e.b.c.i.u.g.PublishedGradleVersions - Gradle version information cache is up-to-date. Trying to read.
2022-02-10 16:46:16,871 [Worker-4: Decoration Calculation] WARN  org.eclipse.jgit.util.FS - Cannot run program "\usr\bin\git" (in directory "\usr\bin"): CreateProcess error=2, The system cannot find the file specified
2022-02-11 10:11:39,246 [Worker-1: Loading available Gradle versions] INFO  o.e.b.c.i.u.g.PublishedGradleVersions - Gradle version information cache is up-to-date. Trying to read.
2022-02-11 10:11:43,902 [Worker-0: Decoration Calculation] WARN  org.eclipse.jgit.util.FS - Cannot run program "\usr\bin\git" (in directory "\usr\bin"): CreateProcess error=2, The system cannot find the file specified
2022-02-12 17:13:44,493 [Worker-1: Loading available Gradle versions] INFO  o.e.b.c.i.u.g.PublishedGradleVersions - Gradle version information cache is out-of-date. Trying to update.
2022-02-12 17:13:49,276 [Worker-0: Decoration Calculation] WARN  org.eclipse.jgit.util.FS - Cannot run program "\usr\bin\git" (in directory "\usr\bin"): CreateProcess error=2, The system cannot find the file specified
2022-02-13 20:17:06,899 [Worker-5: Loading available Gradle versions] INFO  o.e.b.c.i.u.g.PublishedGradleVersions - Gradle version information cache is out-of-date. Trying to update.
2022-02-13 20:17:11,920 [Worker-1: Decoration Calculation] WARN  org.eclipse.jgit.util.FS - Cannot run program "\usr\bin\git" (in directory "\usr\bin"): CreateProcess error=2, The system cannot find the file specified
2022-02-14 13:50:52,299 [Worker-2: Loading available Gradle versions] INFO  o.e.b.c.i.u.g.PublishedGradleVersions - Gradle version information cache is up-to-date. Trying to read.
2022-02-14 13:50:57,965 [Worker-7: Decoration Calculation] WARN  org.eclipse.jgit.util.FS - Cannot run program "\usr\bin\git" (in directory "\usr\bin"): CreateProcess error=2, The system cannot find the file specified
2022-02-16 13:30:01,627 [Worker-5: Loading available Gradle versions] INFO  o.e.b.c.i.u.g.PublishedGradleVersions - Gradle version information cache is out-of-date. Trying to update.
2022-02-16 13:30:06,865 [Worker-4: Decoration Calculation] WARN  org.eclipse.jgit.util.FS - Cannot run program "\usr\bin\git" (in directory "\usr\bin"): CreateProcess error=2, The system cannot find the file specified
2022-02-18 11:01:06,145 [Worker-4: Loading available Gradle versions] INFO  o.e.b.c.i.u.g.PublishedGradleVersions - Gradle version information cache is out-of-date. Trying to update.
2022-02-18 11:01:10,458 [Worker-1: Decoration Calculation] WARN  org.eclipse.jgit.util.FS - Cannot run program "\usr\bin\git" (in directory "\usr\bin"): CreateProcess error=2, The system cannot find the file specified
2022-02-18 15:44:18,530 [main] WARN  org.eclipse.jgit.util.FS - Cannot run program "\usr\bin\git" (in directory "\usr\bin"): CreateProcess error=2, The system cannot find the file specified
2022-02-18 15:44:22,095 [Worker-1: Loading available Gradle versions] INFO  o.e.b.c.i.u.g.PublishedGradleVersions - Gradle version information cache is up-to-date. Trying to read.
2022-02-19 22:52:07,654 [Worker-0: Loading available Gradle versions] INFO  o.e.b.c.i.u.g.PublishedGradleVersions - Gradle version information cache is out-of-date. Trying to update.
2022-02-19 22:52:11,034 [pool-5-thread-1] WARN  org.eclipse.jgit.util.FS - Cannot run program "\usr\bin\git" (in directory "\usr\bin"): CreateProcess error=2, The system cannot find the file specified
2022-02-21 11:19:17,358 [Worker-1: Loading available Gradle versions] INFO  o.e.b.c.i.u.g.PublishedGradleVersions - Gradle version information cache is out-of-date. Trying to update.
2022-02-21 11:19:23,001 [Worker-3: Decoration Calculation] WARN  org.eclipse.jgit.util.FS - Cannot run program "\usr\bin\git" (in directory "\usr\bin"): CreateProcess error=2, The system cannot find the file specified
2022-02-21 22:02:41,602 [Worker-5: Loading available Gradle versions] INFO  o.e.b.c.i.u.g.PublishedGradleVersions - Gradle version information cache is up-to-date. Trying to read.
2022-02-21 22:02:46,555 [Worker-3: Decoration Calculation] WARN  org.eclipse.jgit.util.FS - Cannot run program "\usr\bin\git" (in directory "\usr\bin"): CreateProcess error=2, The system cannot find the file specified
2022-02-21 22:54:15,842 [Worker-2: Loading available Gradle versions] INFO  o.e.b.c.i.u.g.PublishedGradleVersions - Gradle version information cache is up-to-date. Trying to read.
2022-02-21 22:54:21,160 [Worker-0: Decoration Calculation] WARN  org.eclipse.jgit.util.FS - Cannot run program "\usr\bin\git" (in directory "\usr\bin"): CreateProcess error=2, The system cannot find the file specified
2022-02-23 13:47:00,447 [Worker-1: Loading available Gradle versions] INFO  o.e.b.c.i.u.g.PublishedGradleVersions - Gradle version information cache is out-of-date. Trying to update.
2022-02-23 13:47:05,196 [Worker-0: Decoration Calculation] WARN  org.eclipse.jgit.util.FS - Cannot run program "\usr\bin\git" (in directory "\usr\bin"): CreateProcess error=2, The system cannot find the file specified
2022-02-24 22:59:49,139 [Worker-4: Loading available Gradle versions] INFO  o.e.b.c.i.u.g.PublishedGradleVersions - Gradle version information cache is out-of-date. Trying to update.
2022-02-24 22:59:54,206 [Worker-5: Decoration Calculation] WARN  org.eclipse.jgit.util.FS - Cannot run program "\usr\bin\git" (in directory "\usr\bin"): CreateProcess error=2, The system cannot find the file specified
2022-02-27 12:38:27,107 [Worker-2: Loading available Gradle versions] INFO  o.e.b.c.i.u.g.PublishedGradleVersions - Gradle version information cache is out-of-date. Trying to update.
2022-02-27 12:38:32,731 [Worker-1: Decoration Calculation] WARN  org.eclipse.jgit.util.FS - Cannot run program "\usr\bin\git" (in directory "\usr\bin"): CreateProcess error=2, The system cannot find the file specified
2022-02-28 12:02:28,974 [Worker-1: Loading available Gradle versions] INFO  o.e.b.c.i.u.g.PublishedGradleVersions - Gradle version information cache is up-to-date. Trying to read.
2022-02-28 12:02:33,412 [Worker-5: Decoration Calculation] WARN  org.eclipse.jgit.util.FS - Cannot run program "\usr\bin\git" (in directory "\usr\bin"): CreateProcess error=2, The system cannot find the file specified
2022-03-02 10:59:38,470 [Worker-1: Loading available Gradle versions] INFO  o.e.b.c.i.u.g.PublishedGradleVersions - Gradle version information cache is out-of-date. Trying to update.
2022-03-02 10:59:43,508 [Worker-2: Decoration Calculation] WARN  org.eclipse.jgit.util.FS - Cannot run program "\usr\bin\git" (in directory "\usr\bin"): CreateProcess error=2, The system cannot find the file specified
2022-03-07 10:13:49,102 [Worker-3: Loading available Gradle versions] INFO  o.e.b.c.i.u.g.PublishedGradleVersions - Gradle version information cache is out-of-date. Trying to update.
2022-03-07 10:13:53,847 [Worker-1: Decoration Calculation] WARN  org.eclipse.jgit.util.FS - Cannot run program "\usr\bin\git" (in directory "\usr\bin"): CreateProcess error=2, The system cannot find the file specified
2022-03-21 13:48:52,632 [Worker-4: Loading available Gradle versions] INFO  o.e.b.c.i.u.g.PublishedGradleVersions - Gradle version information cache is out-of-date. Trying to update.
2022-03-21 13:48:56,959 [Worker-1: Decoration Calculation] WARN  org.eclipse.jgit.util.FS - Cannot run program "\usr\bin\git" (in directory "\usr\bin"): CreateProcess error=2, The system cannot find the file specified
2022-03-23 13:35:59,145 [Worker-7: Loading available Gradle versions] INFO  o.e.b.c.i.u.g.PublishedGradleVersions - Gradle version information cache is out-of-date. Trying to update.
2022-03-23 13:36:04,323 [Worker-2: Decoration Calculation] WARN  org.eclipse.jgit.util.FS - Cannot run program "\usr\bin\git" (in directory "\usr\bin"): CreateProcess error=2, The system cannot find the file specified
2022-03-27 22:13:12,680 [Worker-2: Loading available Gradle versions] INFO  o.e.b.c.i.u.g.PublishedGradleVersions - Gradle version information cache is out-of-date. Trying to update.
2022-03-27 22:13:17,865 [Worker-1: Decoration Calculation] WARN  org.eclipse.jgit.util.FS - Cannot run program "\usr\bin\git" (in directory "\usr\bin"): CreateProcess error=2, The system cannot find the file specified
2022-03-28 15:47:37,069 [Worker-2: Loading available Gradle versions] INFO  o.e.b.c.i.u.g.PublishedGradleVersions - Gradle version information cache is up-to-date. Trying to read.
2022-03-28 15:47:42,858 [Worker-3: Decoration Calculation] WARN  org.eclipse.jgit.util.FS - Cannot run program "\usr\bin\git" (in directory "\usr\bin"): CreateProcess error=2, The system cannot find the file specified
